  Alien.cpp
  AnimationManager.cpp
  BLOCK.CPP
  Highscore.cpp
  Menu.cpp
c:\users\pablo\documents\pk4\pk4-20190311t205454z-001\pk4\repo\projekt\bighead\bighead\game.h(29): warning C4305: 'initializing': truncation from 'double' to 'float'
  tableOfPositions.cpp
  COIN.CPP
  Game.cpp
c:\users\pablo\documents\pk4\pk4-20190311t205454z-001\pk4\repo\projekt\bighead\bighead\game.h(29): warning C4305: 'initializing': truncation from 'double' to 'float'
c:\users\pablo\documents\pk4\pk4-20190311t205454z-001\pk4\repo\projekt\bighead\bighead\game.cpp(7): warning C4244: '=': conversion from 'double' to 'float', possible loss of data
c:\users\pablo\documents\pk4\pk4-20190311t205454z-001\pk4\repo\projekt\bighead\bighead\game.cpp(8): warning C4244: '=': conversion from 'double' to 'float', possible loss of data
c:\users\pablo\documents\pk4\pk4-20190311t205454z-001\pk4\repo\projekt\bighead\bighead\game.cpp(18): warning C4244: 'argument': conversion from 'double' to 'float', possible loss of data
c:\users\pablo\documents\pk4\pk4-20190311t205454z-001\pk4\repo\projekt\bighead\bighead\game.cpp(19): warning C4244: 'argument': conversion from 'double' to 'float', possible loss of data
c:\users\pablo\documents\pk4\pk4-20190311t205454z-001\pk4\repo\projekt\bighead\bighead\game.cpp(20): warning C4244: 'argument': conversion from 'double' to 'float', possible loss of data
c:\users\pablo\documents\pk4\pk4-20190311t205454z-001\pk4\repo\projekt\bighead\bighead\game.cpp(26): warning C4244: '=': conversion from 'double' to 'float', possible loss of data
c:\users\pablo\documents\pk4\pk4-20190311t205454z-001\pk4\repo\projekt\bighead\bighead\game.cpp(130): warning C4244: 'initializing': conversion from 'double' to 'float', possible loss of data
c:\users\pablo\documents\pk4\pk4-20190311t205454z-001\pk4\repo\projekt\bighead\bighead\game.cpp(131): warning C4244: 'initializing': conversion from 'T' to 'float', possible loss of data
          with
          [
              T=unsigned int
          ]
c:\users\pablo\documents\pk4\pk4-20190311t205454z-001\pk4\repo\projekt\bighead\bighead\game.cpp(184): warning C4305: '*=': truncation from 'double' to 'float'
c:\users\pablo\documents\pk4\pk4-20190311t205454z-001\pk4\repo\projekt\bighead\bighead\game.cpp(236): warning C4244: '=': conversion from 'double' to 'float', possible loss of data
c:\users\pablo\documents\pk4\pk4-20190311t205454z-001\pk4\repo\projekt\bighead\bighead\game.cpp(438): warning C4244: '=': conversion from 'int' to 'float', possible loss of data
c:\users\pablo\documents\pk4\pk4-20190311t205454z-001\pk4\repo\projekt\bighead\bighead\game.cpp(484): warning C4018: '>': signed/unsigned mismatch
c:\users\pablo\documents\pk4\pk4-20190311t205454z-001\pk4\repo\projekt\bighead\bighead\game.cpp(574): warning C4018: '<': signed/unsigned mismatch
  Player.cpp
  Source.cpp
c:\users\pablo\documents\pk4\pk4-20190311t205454z-001\pk4\repo\projekt\bighead\bighead\game.h(29): warning C4305: 'initializing': truncation from 'double' to 'float'
c:\users\pablo\documents\pk4\pk4-20190311t205454z-001\pk4\repo\projekt\bighead\bighead\source.cpp(20): warning C4244: 'argument': conversion from 'time_t' to 'unsigned int', possible loss of data
  Ufo.cpp
  Generating Code...
  BigHead.vcxproj -> C:\Users\Pablo\Documents\PK4\PK4-20190311T205454Z-001\PK4\Repo\Projekt\BigHead\Debug\BigHead.exe
