d:\pawel\pk4\repo\projekt\bighead\bighead\debug\vc140.pdb
d:\pawel\pk4\repo\projekt\bighead\bighead\debug\vc140.idb
d:\pawel\pk4\repo\projekt\bighead\bighead\debug\player.obj
d:\pawel\pk4\repo\projekt\bighead\bighead\debug\source.obj
d:\pawel\pk4\repo\projekt\bighead\bighead\debug\myapp.obj
d:\pawel\pk4\repo\projekt\bighead\bighead\debug\block.obj
d:\pawel\pk4\repo\projekt\bighead\bighead\debug\coin.obj
d:\pawel\pk4\repo\projekt\bighead\bighead\debug\playertextures.obj
d:\pawel\pk4\repo\projekt\bighead\bighead\debug\animationmanager.obj
d:\pawel\pk4\repo\projekt\bighead\bighead\debug\alien.obj
d:\pawel\pk4\repo\projekt\bighead\bighead\debug\ufo.obj
d:\pawel\pk4\repo\projekt\bighead\bighead\debug\game.obj
d:\pawel\pk4\repo\projekt\bighead\bighead\debug\blocksposition.obj
d:\pawel\pk4\repo\projekt\bighead\bighead\debug\tableofpositions.obj
d:\pawel\pk4\repo\projekt\bighead\bighead\debug\texturesmanager.obj
d:\pawel\pk4\repo\projekt\bighead\debug\bighead.ilk
d:\pawel\pk4\repo\projekt\bighead\debug\bighead.exe
d:\pawel\pk4\repo\projekt\bighead\debug\bighead.pdb
d:\pawel\pk4\repo\projekt\bighead\bighead\debug\bighead.tlog\cl.command.1.tlog
d:\pawel\pk4\repo\projekt\bighead\bighead\debug\bighead.tlog\cl.read.1.tlog
d:\pawel\pk4\repo\projekt\bighead\bighead\debug\bighead.tlog\cl.write.1.tlog
d:\pawel\pk4\repo\projekt\bighead\bighead\debug\bighead.tlog\link.command.1.tlog
d:\pawel\pk4\repo\projekt\bighead\bighead\debug\bighead.tlog\link.read.1.tlog
d:\pawel\pk4\repo\projekt\bighead\bighead\debug\bighead.tlog\link.write.1.tlog
